<?xml version="1.0" encoding="UTF-8"?>
<!-- Generated by org.testng.reporters.JUnitXMLReporter -->
<testsuite ignored="0" hostname="LIN-DNLYV64" failures="0" tests="2" name="ErrorValidationTest" time="14.458" errors="0" timestamp="2025-07-31T15:44:28 IST">
  <testcase classname="rahulshettyacademy.tests.ErrorValidationTest" name="loginErrorvalidation" time="1.364"/>
  <testcase classname="rahulshettyacademy.tests.ErrorValidationTest" name="productErrorValidation" time="3.576"/>
</testsuite> <!-- ErrorValidationTest -->
