<?xml version="1.0" encoding="UTF-8"?>
<!-- Generated by org.testng.reporters.JUnitXMLReporter -->
<testsuite ignored="1" hostname="LIN-DNLYV64" failures="1" tests="9" name="car loan" time="0.071" errors="0" timestamp="2025-07-17T20:01:59 IST">
  <testcase classname="test.day3" name="mobileBasedCarLoan" time="0.002"/>
  <testcase classname="test.day3" name="mobileBasedCarLoan" time="0.001"/>
  <testcase classname="test.day3" name="mobileBasedCarLoan" time="0.001"/>
  <testcase classname="test.day3" name="mobileLoginCarLoan" time="0.002"/>
  <testcase classname="test.day3" name="mobilesinINLoan" time="0.014">
    <failure type="java.lang.AssertionError" message="expected [true] but found [false]">
      <![CDATA[java.lang.AssertionError: expected [true] but found [false]
at test.day3.mobilesinINLoan(day3.java:54)
at java.base/java.util.ArrayList.forEach(ArrayList.java:1511)
... Removed 31 stack frames]]>
    </failure>
  </testcase> <!-- mobilesinINLoan -->
  <testcase classname="test.day3" name="mobileusingLoan" time="0.001"/>
  <testcase classname="test.day3" name="mobileusingLoan" time="0.001"/>
  <testcase classname="test.day3" name="mobileusingLoan" time="0.0"/>
  <testcase classname="test.day3" name="webLoginCarLoan" time="0.001"/>
  <testcase classname="test.day3" name="ApiCarLoan" time="0.0">
    <ignored/>
  </testcase> <!-- ApiCarLoan -->
</testsuite> <!-- car loan -->
