<?xml version="1.0" encoding="UTF-8"?>
<!-- Generated by org.testng.reporters.JUnitXMLReporter -->
<testsuite ignored="2" hostname="LIN-DNLYV64" failures="0" tests="8" name="Personal loan" time="0.1" errors="0" timestamp="2025-07-17T20:01:59 IST">
  <testcase classname="test.day1" name="demo" time="0.008"/>
  <testcase classname="test.day1" name="demo2" time="0.003"/>
  <testcase classname="test.day2" name="ploan" time="0.002"/>
  <testcase classname="test.day2" name="ploan" time="0.002"/>
  <testcase classname="test.day2" name="ploan" time="0.001"/>
  <testcase classname="test.day2" name="ploan" time="0.002"/>
  <testcase classname="test.day2" name="ploan" time="0.002"/>
  <testcase classname="test.day4" name="LoginApiCarLoan" time="0.001"/>
  <testcase classname="test.day4" name="webLoginHomeLoan" time="0.0">
    <ignored/>
  </testcase> <!-- webLoginHomeLoan -->
  <testcase classname="test.day4" name="mobileLoginCarLoan" time="0.0">
    <ignored/>
  </testcase> <!-- mobileLoginCarLoan -->
</testsuite> <!-- Personal loan -->
