<?xml version="1.0" encoding="UTF-8"?>
<!-- Generated by org.testng.reporters.JUnitXMLReporter -->
<testsuite ignored="9" hostname="LIN-DNLYV64" failures="0" tests="3" name="Smoke" time="0.105" errors="0" timestamp="2025-07-16T16:46:05 IST">
  <testcase classname="test.day2" name="ploan" time="0.013"/>
  <testcase classname="test.day4" name="mobileLoginCarLoan" time="0.001"/>
  <testcase classname="test.day3" name="mobileLoginCarLoan" time="0.002"/>
  <testcase classname="test.day3" name="webLoginCarLoan" time="0.0">
    <ignored/>
  </testcase> <!-- webLoginCarLoan -->
  <testcase classname="test.day3" name="mobileusingLoan" time="0.0">
    <ignored/>
  </testcase> <!-- mobileusingLoan -->
  <testcase classname="test.day3" name="mobilesinINLoan" time="0.0">
    <ignored/>
  </testcase> <!-- mobilesinINLoan -->
  <testcase classname="test.day1" name="demo" time="0.0">
    <ignored/>
  </testcase> <!-- demo -->
  <testcase classname="test.day3" name="ApiCarLoan" time="0.0">
    <ignored/>
  </testcase> <!-- ApiCarLoan -->
  <testcase classname="test.day1" name="demo2" time="0.0">
    <ignored/>
  </testcase> <!-- demo2 -->
  <testcase classname="test.day4" name="webLoginHomeLoan" time="0.0">
    <ignored/>
  </testcase> <!-- webLoginHomeLoan -->
  <testcase classname="test.day4" name="LoginApiCarLoan" time="0.0">
    <ignored/>
  </testcase> <!-- LoginApiCarLoan -->
  <testcase classname="test.day3" name="mobileBasedCarLoan" time="0.0">
    <ignored/>
  </testcase> <!-- mobileBasedCarLoan -->
</testsuite> <!-- Smoke -->
