<?xml version="1.0" encoding="UTF-8"?>
<testsuite xmlns:xsi="http://www.w3.org/2001/XMLSchema-instance" xsi:noNamespaceSchemaLocation="https://maven.apache.org/surefire/maven-surefire-plugin/xsd/surefire-test-report.xsd" version="3.0.2" name="TestSuite" time="26.987" tests="5" errors="0" skipped="0" failures="0">
  <properties>
[...]
</properties>
  <testcase name="loginErrorvalidation" classname="rahulshettyacademy.tests.ErrorValidationTest" time="1.378">
    <system-err><![CDATA[SLF4J(W): No SLF4J providers were found.
SLF4J(W): Defaulting to no-operation (NOP) logger implementation
SLF4J(W): See https://www.slf4j.org/codes.html#noProviders for further details.
]]></system-err>
  </testcase>
  <testcase name="productErrorValidation" classname="rahulshettyacademy.tests.ErrorValidationTest" time="0.448"/>
  <testcase name="submitOrder[{password=Jobs@2025, product=ZARA COAT 3, email=rushi2653@gmail.com}](1)" classname="rahulshettyacademy.tests.SubmitOrderTest" time="4.93"/>
  <testcase name="submitOrder[{password=Rushi@000, product=ADIDAS ORIGINAL, email=rushi000@gmail.com}](2)" classname="rahulshettyacademy.tests.SubmitOrderTest" time="6.168"/>
  <testcase name="orderHistoryTest" classname="rahulshettyacademy.tests.SubmitOrderTest" time="1.325"/>
</testsuite>