<?xml version="1.0" encoding="UTF-8"?>
<!-- Generated by org.testng.reporters.JUnitXMLReporter -->
<testsuite ignored="1" hostname="LIN-DNLYV64" failures="1" tests="1" name="ErrorValidationTest(failed)" time="4.29" errors="0" timestamp="2025-07-28T19:41:35 IST">
  <testcase classname="rahulshettyacademy.tests.ErrorValidationTest" name="loginErrorvalidation" time="0.416">
    <failure type="java.lang.AssertionError" message="expected [Incorrect email or password.] but found [Incorrect email or pas]">
      <![CDATA[java.lang.AssertionError: expected [Incorrect email or password.] but found [Incorrect email or pas]
at rahulshettyacademy.tests.ErrorValidationTest.loginErrorvalidation(ErrorValidationTest.java:34)
at java.base/java.util.ArrayList.forEach(ArrayList.java:1511)
at java.base/java.util.concurrent.FutureTask.run(FutureTask.java:264)
at java.base/java.util.concurrent.ThreadPoolExecutor.runWorker(ThreadPoolExecutor.java:1136)
at java.base/java.util.concurrent.ThreadPoolExecutor$Worker.run(ThreadPoolExecutor.java:635)
at java.base/java.lang.Thread.run(Thread.java:840)
... Removed 23 stack frames]]>
    </failure>
  </testcase> <!-- loginErrorvalidation -->
  <testcase classname="rahulshettyacademy.tests.ErrorValidationTest" name="productErrorValidation" time="0.0">
    <ignored/>
  </testcase> <!-- productErrorValidation -->
</testsuite> <!-- ErrorValidationTest(failed) -->
