<?xml version="1.0" encoding="UTF-8"?>
<testng-results ignored="0" total="1" passed="1" failed="0" skipped="0">
  <reporter-output>
  </reporter-output>
  <suite started-at="2025-08-02T21:52:57 IST" name="Default suite" finished-at="2025-08-02T21:53:03 IST" duration-ms="6822">
    <groups>
      <group name="cucumber">
        <method signature="AbstractTestNGCucumberTests.runScenario(io.cucumber.testng.PickleWrapper,io.cucumber.testng.FeatureWrapper)[pri:0, instance:cucumber.TestngTextRunner@533bda92]" name="runScenario" class="io.cucumber.testng.AbstractTestNGCucumberTests"/>
      </group> <!-- cucumber -->
    </groups>
    <test started-at="2025-08-02T21:52:57 IST" name="Default test" finished-at="2025-08-02T21:53:03 IST" duration-ms="6822">
      <class name="cucumber.TestngTextRunner">
        <test-method is-config="true" signature="setUpClass(org.testng.ITestContext)[pri:0, instance:cucumber.TestngTextRunner@533bda92]" started-at="2025-08-02T21:52:57 IST" name="setUpClass" finished-at="2025-08-02T21:52:57 IST" duration-ms="763" status="PASS">
          <params>
            <param index="0">
              <value>
                <![CDATA[org.testng.TestRunner@29fd8e67]]>
              </value>
            </param>
          </params>
          <reporter-output>
          </reporter-output>
        </test-method> <!-- setUpClass -->
        <test-method signature="runScenario(io.cucumber.testng.PickleWrapper,io.cucumber.testng.FeatureWrapper)[pri:0, instance:cucumber.TestngTextRunner@533bda92]" started-at="2025-08-02T21:52:57 IST" name="runScenario" description="Runs Cucumber Scenarios" data-provider="scenarios" finished-at="2025-08-02T21:53:03 IST" duration-ms="5970" status="PASS">
          <params>
            <param index="0">
              <value>
                <![CDATA[""]]>
              </value>
            </param>
            <param index="1">
              <value>
                <![CDATA["Error Validation"]]>
              </value>
            </param>
          </params>
          <reporter-output>
          </reporter-output>
        </test-method> <!-- runScenario -->
        <test-method is-config="true" signature="tearDownClass()[pri:0, instance:cucumber.TestngTextRunner@533bda92]" started-at="2025-08-02T21:53:03 IST" name="tearDownClass" finished-at="2025-08-02T21:53:03 IST" duration-ms="39" status="PASS">
          <reporter-output>
          </reporter-output>
        </test-method> <!-- tearDownClass -->
      </class> <!-- cucumber.TestngTextRunner -->
    </test> <!-- Default test -->
  </suite> <!-- Default suite -->
</testng-results>
