<?xml version="1.0" encoding="UTF-8"?>
<!-- Generated by org.testng.reporters.JUnitXMLReporter -->
<testsuite ignored="0" hostname="LIN-DNLYV64" failures="1" tests="3" name="ErrorValidationTest" time="16.732" errors="0" timestamp="2025-07-29T13:26:23 IST">
  <testcase classname="rahulshettyacademy.tests.ErrorValidationTest" name="loginErrorvalidation" time="1.355">
    <skipped/>
  </testcase> <!-- loginErrorvalidation -->
  <testcase classname="rahulshettyacademy.tests.ErrorValidationTest" name="loginErrorvalidation" time="1.318">
    <failure type="java.lang.AssertionError" message="expected [Incorrect email or password.] but found [Incorrect email or pas]">
      <![CDATA[java.lang.AssertionError: expected [Incorrect email or password.] but found [Incorrect email or pas]
at rahulshettyacademy.tests.ErrorValidationTest.loginErrorvalidation(ErrorValidationTest.java:35)
at java.base/java.util.ArrayList.forEach(ArrayList.java:1511)
at java.base/java.util.concurrent.FutureTask.run(FutureTask.java:264)
at java.base/java.util.concurrent.ThreadPoolExecutor.runWorker(ThreadPoolExecutor.java:1136)
at java.base/java.util.concurrent.ThreadPoolExecutor$Worker.run(ThreadPoolExecutor.java:635)
at java.base/java.lang.Thread.run(Thread.java:840)
... Removed 23 stack frames]]>
    </failure>
  </testcase> <!-- loginErrorvalidation -->
  <testcase classname="rahulshettyacademy.tests.ErrorValidationTest" name="productErrorValidation" time="3.337"/>
</testsuite> <!-- ErrorValidationTest -->
