<?xml version="1.0" encoding="UTF-8"?>
<!-- Generated by org.testng.reporters.JUnitXMLReporter -->
<testsuite ignored="0" hostname="LIN-DNLYV64" failures="0" tests="3" name="SubmitOrderTest" time="27.589" errors="0" timestamp="2025-07-29T13:26:33 IST">
  <testcase classname="rahulshettyacademy.tests.SubmitOrderTest" name="submitOrder" time="4.586"/>
  <testcase classname="rahulshettyacademy.tests.SubmitOrderTest" name="submitOrder" time="4.748"/>
  <testcase classname="rahulshettyacademy.tests.SubmitOrderTest" name="orderHistoryTest" time="1.271"/>
</testsuite> <!-- SubmitOrderTest -->
